2024-04-03 19:54:25,146 Process-3  root Logging status updates for /Users/austinchang/programming/repositories/microgridup/microgridup/data/projects/lehigh3mgs.
2024-04-03 19:54:25,146 Process-3  root Rerunning existing project. DSS file not moved.
2024-04-03 19:54:25,147 Process-3  root Rerunning existing project. Load CSV file not moved.
2024-04-03 19:59:21,622 Process-3  root load_phases on bus_name: phases ['1'] on bus 634.1
2024-04-03 19:59:21,622 Process-3  root load_phases on bus_name: phases ['1'] on bus 634.1
2024-04-03 19:59:21,623 Process-3  root load_phases on bus_name: phases ['1'] on bus 634.1
2024-04-03 19:59:21,635 Process-3  root mg_phase_and_kv out_dict:
2024-04-03 19:59:21,650 Process-3  root Pre-existing battery battery_634_existing will not be utilized to support loads in microgrid mg0.

2024-04-03 19:59:21,780 Process-3  root Supporting critical loads across microgrids assumes an AMI metering system. If not currently installed, add budget for the creation of an AMI system.

2024-04-03 19:59:21,780 Process-3  root Supporting critical loads across microgrids assumes an AMI metering system. If not currently installed, add budget for the creation of an AMI system.

2024-04-03 19:59:21,781 Process-3  root Supporting critical loads across microgrids assumes an AMI metering system. If not currently installed, add budget for the creation of an AMI system.

2024-04-03 19:59:21,811 Process-3  root microgrid_report_csv() gen_sizes into CSV report: {'solar_size_total': 1663.3458, 'solar_size_existing': 440.0, 'solar_size_new': 1223.3458, 'wind_size_total': 0, 'wind_size_existing': 0.0, 'wind_size_new': 0.0, 'fossil_size_total': 107.44, 'fossil_size_existing': 0.0, 'fossil_size_new': 107.44, 'battery_cap_total': 410.27, 'battery_cap_existing': 307.0, 'battery_cap_new': 103.26999999999998, 'battery_pow_total': 185.3, 'battery_pow_existing': 79.0, 'battery_pow_new': 106.30000000000001}
2024-04-03 19:59:21,915 Process-3  root load_phases on bus_name: phases ['1', '2', '3'] on bus 675.1.2.3
2024-04-03 19:59:21,916 Process-3  root load_phases on bus_name: phases ['1', '2', '3'] on bus 675.1.2.3
2024-04-03 19:59:21,916 Process-3  root load_phases on bus_name: phases ['1', '2', '3'] on bus 675.1.2.3
2024-04-03 19:59:21,917 Process-3  root load_phases on bus_name: phases ['1', '2', '3'] on bus 692.1.2.3
2024-04-03 19:59:21,976 Process-3  root mg_phase_and_kv out_dict:
2024-04-03 19:59:22,044 Process-3  root Supporting critical loads across microgrids assumes the ability to remotely disconnect 3-phase loads.

2024-04-03 19:59:22,045 Process-3  root Supporting critical loads across microgrids assumes the ability to remotely disconnect 3-phase loads.

2024-04-03 19:59:22,046 Process-3  root Supporting critical loads across microgrids assumes the ability to remotely disconnect 3-phase loads.

2024-04-03 19:59:22,047 Process-3  root Supporting critical loads across microgrids assumes the ability to remotely disconnect 3-phase loads.

2024-04-03 19:59:22,076 Process-3  root microgrid_report_csv() gen_sizes into CSV report: {'solar_size_total': 2852.2285, 'solar_size_existing': 0.0, 'solar_size_new': 2852.2285, 'wind_size_total': 0, 'wind_size_existing': 0.0, 'wind_size_new': 0.0, 'fossil_size_total': 408.48, 'fossil_size_existing': 265.0, 'fossil_size_new': 143.48000000000002, 'battery_cap_total': 708.99, 'battery_cap_existing': 0.0, 'battery_cap_new': 708.99, 'battery_pow_total': 310.63, 'battery_pow_existing': 0.0, 'battery_pow_new': 310.63}
2024-04-03 19:59:22,180 Process-3  root load_phases on bus_name: phases ['2'] on bus 645.2
2024-04-03 19:59:22,181 Process-3  root load_phases on bus_name: phases ['2'] on bus 646.2
2024-04-03 19:59:22,246 Process-3  root mg_phase_and_kv out_dict:
2024-04-03 19:59:22,309 Process-3  root Supporting critical loads across microgrids assumes an AMI metering system. If not currently installed, add budget for the creation of an AMI system.

2024-04-03 19:59:22,309 Process-3  root Supporting critical loads across microgrids assumes an AMI metering system. If not currently installed, add budget for the creation of an AMI system.

2024-04-03 19:59:22,339 Process-3  root microgrid_report_csv() gen_sizes into CSV report: {'solar_size_total': 1538.416, 'solar_size_existing': 0.0, 'solar_size_new': 1538.416, 'wind_size_total': 0, 'wind_size_existing': 0.0, 'wind_size_new': 0.0, 'fossil_size_total': 96.33, 'fossil_size_existing': 0.0, 'fossil_size_new': 96.33, 'battery_cap_total': 443.19, 'battery_cap_existing': 0.0, 'battery_cap_new': 443.19, 'battery_pow_total': 202.58, 'battery_pow_existing': 0.0, 'battery_pow_new': 202.58}
2024-04-03 19:59:22,644 Process-3  root QSTS with circuit_plus_mgAll.dss AND CWD IS /Users/austinchang/programming/repositories/microgridup/microgridup/data/projects/lehigh3mgs
2024-04-03 19:59:25,219 Process-3  root CONTROLLING ON {'mg0': {'critical_load_kws': [70, 90, 10], 'gen_bus': '634', 'gen_obs_existing': ['solar_634_existing', 'battery_634_existing'], 'loads': ['634a_data_center', '634b_radar', '634c_atc_tower'], 'switch': '632633'}, 'mg1': {'critical_load_kws': [150, 200, 200, 0], 'gen_bus': '675', 'gen_obs_existing': ['fossil_675_existing'], 'loads': ['675a_hospital', '675b_residential1', '675c_residential1', '692_warehouse2'], 'switch': '671692'}, 'mg2': {'critical_load_kws': [30, 70], 'gen_bus': '646', 'gen_obs_existing': [], 'loads': ['645_hangar', '646_office'], 'switch': '632645'}}
2024-04-03 19:59:25,225 Process-3  root reduced 634a_data_center from 160 to 70
2024-04-03 19:59:25,225 Process-3  root reduced 634b_radar from 120 to 90
2024-04-03 19:59:25,225 Process-3  root reduced 634c_atc_tower from 120 to 10
2024-04-03 19:59:25,238 Process-3  root reduced 675a_hospital from 485 to 150
2024-04-03 19:59:25,239 Process-3  root reduced 675b_residential1 from 68 to 200
2024-04-03 19:59:25,239 Process-3  root reduced 675c_residential1 from 290 to 200
2024-04-03 19:59:25,240 Process-3  root reduced 692_warehouse2 from 170 to 0
2024-04-03 19:59:25,251 Process-3  root reduced 645_hangar from 170 to 30
2024-04-03 19:59:25,252 Process-3  root reduced 646_office from 230 to 70
2024-04-03 19:59:27,257 Process-3  root JSON compatible representation of all_mg_elements (for jinja-ing into the circuit map): {'mg0': ['633', '634c_atc_tower', 'xfm1', 'battery_634', '634a_data_center', 'fossil_634', 'solar_634', 'solar_634_existing', '634', '634b_radar'], 'mg1': ['675', '675c_residential1', 'fossil_675_existing', '675b_residential1', 'fossil_675', '692_warehouse2', 'cap1', 'solar_675', '692', '675a_hospital', 'battery_675'], 'mg2': ['solar_646', '646_office', '645', '645_hangar', 'battery_646', 'fossil_646', '646']}
2024-04-03 19:59:27,311 Process-3  root Control microgrids count 3 and renewable count 0
