2024-04-03 19:51:44,633 Process-2  root Logging status updates for /Users/austinchang/programming/repositories/microgridup/microgridup/data/projects/lehigh2mgs.
2024-04-03 19:51:44,633 Process-2  root Rerunning existing project. DSS file not moved.
2024-04-03 19:51:44,634 Process-2  root Rerunning existing project. Load CSV file not moved.
2024-04-03 19:56:34,671 Process-2  root load_phases on bus_name: phases ['1'] on bus 634.1
2024-04-03 19:56:34,671 Process-2  root load_phases on bus_name: phases ['1'] on bus 634.1
2024-04-03 19:56:34,672 Process-2  root load_phases on bus_name: phases ['1'] on bus 634.1
2024-04-03 19:56:34,680 Process-2  root mg_phase_and_kv out_dict:
2024-04-03 19:56:34,791 Process-2  root Supporting critical loads across microgrids assumes an AMI metering system. If not currently installed, add budget for the creation of an AMI system.

2024-04-03 19:56:34,791 Process-2  root Supporting critical loads across microgrids assumes an AMI metering system. If not currently installed, add budget for the creation of an AMI system.

2024-04-03 19:56:34,792 Process-2  root Supporting critical loads across microgrids assumes an AMI metering system. If not currently installed, add budget for the creation of an AMI system.

2024-04-03 19:56:34,827 Process-2  root microgrid_report_csv() gen_sizes into CSV report: {'solar_size_total': 1223.3458, 'solar_size_existing': 0.0, 'solar_size_new': 1223.3458, 'wind_size_total': 611.67, 'wind_size_existing': 200.0, 'wind_size_new': 411.66999999999996, 'fossil_size_total': 96.12, 'fossil_size_existing': 0.0, 'fossil_size_new': 96.12, 'battery_cap_total': 346.39, 'battery_cap_existing': 0.0, 'battery_cap_new': 346.39, 'battery_pow_total': 178.66, 'battery_pow_existing': 0.0, 'battery_pow_new': 178.66}
2024-04-03 19:56:34,950 Process-2  root load_phases on bus_name: phases ['1', '2', '3'] on bus 675.1.2.3
2024-04-03 19:56:34,951 Process-2  root load_phases on bus_name: phases ['1', '2', '3'] on bus 675.1.2.3
2024-04-03 19:56:34,951 Process-2  root load_phases on bus_name: phases ['1', '2', '3'] on bus 675.1.2.3
2024-04-03 19:56:34,952 Process-2  root load_phases on bus_name: phases ['1', '2', '3'] on bus 692.1.2.3
2024-04-03 19:56:35,013 Process-2  root mg_phase_and_kv out_dict:
2024-04-03 19:56:35,092 Process-2  root Supporting critical loads across microgrids assumes the ability to remotely disconnect 3-phase loads.

2024-04-03 19:56:35,092 Process-2  root Supporting critical loads across microgrids assumes the ability to remotely disconnect 3-phase loads.

2024-04-03 19:56:35,093 Process-2  root Supporting critical loads across microgrids assumes the ability to remotely disconnect 3-phase loads.

2024-04-03 19:56:35,093 Process-2  root Supporting critical loads across microgrids assumes the ability to remotely disconnect 3-phase loads.

2024-04-03 19:56:35,129 Process-2  root microgrid_report_csv() gen_sizes into CSV report: {'solar_size_total': 2852.2285, 'solar_size_existing': 0.0, 'solar_size_new': 2852.2285, 'wind_size_total': 1426.11, 'wind_size_existing': 0.0, 'wind_size_new': 1426.11, 'fossil_size_total': 342.31, 'fossil_size_existing': 0.0, 'fossil_size_new': 342.31, 'battery_cap_total': 962.77, 'battery_cap_existing': 753.0, 'battery_cap_new': 209.76999999999998, 'battery_pow_total': 381.75, 'battery_pow_existing': 685.0, 'battery_pow_new': 0.0}
2024-04-03 19:56:35,393 Process-2  root QSTS with circuit_plus_mgAll.dss AND CWD IS /Users/austinchang/programming/repositories/microgridup/microgridup/data/projects/lehigh2mgs
2024-04-03 19:56:37,925 Process-2  root CONTROLLING ON {'mg0': {'critical_load_kws': [70, 90, 10], 'gen_bus': '634', 'gen_obs_existing': ['wind_634_existing'], 'loads': ['634a_data_center', '634b_radar', '634c_atc_tower'], 'switch': '632633'}, 'mg1': {'critical_load_kws': [150, 200, 200, 0], 'gen_bus': '675', 'gen_obs_existing': ['battery_675_existing', 'battery_675_2_existing'], 'loads': ['675a_hospital', '675b_residential1', '675c_residential1', '692_warehouse2'], 'switch': '671692'}}
2024-04-03 19:56:37,931 Process-2  root reduced 634a_data_center from 160 to 70
2024-04-03 19:56:37,931 Process-2  root reduced 634b_radar from 120 to 90
2024-04-03 19:56:37,932 Process-2  root reduced 634c_atc_tower from 120 to 10
2024-04-03 19:56:37,946 Process-2  root reduced 675a_hospital from 485 to 150
2024-04-03 19:56:37,946 Process-2  root reduced 675b_residential1 from 68 to 200
2024-04-03 19:56:37,946 Process-2  root reduced 675c_residential1 from 290 to 200
2024-04-03 19:56:37,946 Process-2  root reduced 692_warehouse2 from 170 to 0
2024-04-03 19:56:39,735 Process-2  root JSON compatible representation of all_mg_elements (for jinja-ing into the circuit map): {'mg0': ['wind_634_existing', 'solar_634', '633', '634a_data_center', 'xfm1', 'fossil_634', '634b_radar', '634', 'wind_634', '634c_atc_tower', 'battery_634'], 'mg1': ['675c_residential1', 'solar_675', '675b_residential1', '692', 'cap1', 'battery_675_2_existing', 'battery_675_existing', '675', 'wind_675', 'fossil_675', '675a_hospital', '692_warehouse2', 'battery_675']}
2024-04-03 19:56:39,786 Process-2  root Control microgrids count 2 and renewable count 0
