2024-04-03 19:54:29,879 Process-4  root Logging status updates for /Users/austinchang/programming/repositories/microgridup/microgridup/data/projects/lehigh4mgs.
2024-04-03 19:54:29,879 Process-4  root Rerunning existing project. DSS file not moved.
2024-04-03 19:54:29,880 Process-4  root Rerunning existing project. Load CSV file not moved.
2024-04-03 19:54:29,880 Process-4  root Rerunning existing project. Outages CSV file not moved.
2024-04-03 19:59:59,182 Process-4  root load_phases on bus_name: phases ['1'] on bus 634.1
2024-04-03 19:59:59,183 Process-4  root load_phases on bus_name: phases ['1'] on bus 634.1
2024-04-03 19:59:59,183 Process-4  root load_phases on bus_name: phases ['1'] on bus 634.1
2024-04-03 19:59:59,194 Process-4  root mg_phase_and_kv out_dict:
2024-04-03 19:59:59,299 Process-4  root Supporting critical loads across microgrids assumes an AMI metering system. If not currently installed, add budget for the creation of an AMI system.

2024-04-03 19:59:59,299 Process-4  root Supporting critical loads across microgrids assumes an AMI metering system. If not currently installed, add budget for the creation of an AMI system.

2024-04-03 19:59:59,299 Process-4  root Supporting critical loads across microgrids assumes an AMI metering system. If not currently installed, add budget for the creation of an AMI system.

2024-04-03 19:59:59,328 Process-4  root microgrid_report_csv() gen_sizes into CSV report: {'solar_size_total': 1663.3458, 'solar_size_existing': 440.0, 'solar_size_new': 1223.3458, 'wind_size_total': 0, 'wind_size_existing': 0.0, 'wind_size_new': 0.0, 'fossil_size_total': 890.5, 'fossil_size_existing': 0.0, 'fossil_size_new': 890.5, 'battery_cap_total': 50.84, 'battery_cap_existing': 307.0, 'battery_cap_new': 0.0, 'battery_pow_total': 38.56, 'battery_pow_existing': 79.0, 'battery_pow_new': 0.0}
2024-04-03 19:59:59,429 Process-4  root load_phases on bus_name: phases ['1', '2', '3'] on bus 675.1.2.3
2024-04-03 19:59:59,430 Process-4  root load_phases on bus_name: phases ['1', '2', '3'] on bus 675.1.2.3
2024-04-03 19:59:59,430 Process-4  root load_phases on bus_name: phases ['1', '2', '3'] on bus 675.1.2.3
2024-04-03 19:59:59,431 Process-4  root load_phases on bus_name: phases ['1', '2', '3'] on bus 692.1.2.3
2024-04-03 19:59:59,494 Process-4  root mg_phase_and_kv out_dict:
2024-04-03 19:59:59,562 Process-4  root Supporting critical loads across microgrids assumes the ability to remotely disconnect 3-phase loads.

2024-04-03 19:59:59,563 Process-4  root Supporting critical loads across microgrids assumes the ability to remotely disconnect 3-phase loads.

2024-04-03 19:59:59,563 Process-4  root Supporting critical loads across microgrids assumes the ability to remotely disconnect 3-phase loads.

2024-04-03 19:59:59,563 Process-4  root Supporting critical loads across microgrids assumes the ability to remotely disconnect 3-phase loads.

2024-04-03 19:59:59,592 Process-4  root microgrid_report_csv() gen_sizes into CSV report: {'solar_size_total': 3652.2285, 'solar_size_existing': 800.0, 'solar_size_new': 2852.2285, 'wind_size_total': 0, 'wind_size_existing': 0.0, 'wind_size_new': 0.0, 'fossil_size_total': 922.39, 'fossil_size_existing': 0.0, 'fossil_size_new': 922.39, 'battery_cap_total': 147.13, 'battery_cap_existing': 0.0, 'battery_cap_new': 147.13, 'battery_pow_total': 111.58, 'battery_pow_existing': 0.0, 'battery_pow_new': 111.58}
2024-04-03 19:59:59,693 Process-4  root load_phases on bus_name: phases ['3'] on bus 684.3
2024-04-03 19:59:59,694 Process-4  root load_phases on bus_name: phases ['3'] on bus 652.3
2024-04-03 19:59:59,694 Process-4  root load_phases on bus_name: phases ['3'] on bus 611.3
2024-04-03 19:59:59,768 Process-4  root mg_phase_and_kv out_dict:
2024-04-03 19:59:59,788 Process-4  root Pre-existing battery battery_684_existing will not be utilized to support loads in microgrid mg2.

2024-04-03 19:59:59,848 Process-4  root Supporting critical loads across microgrids assumes an AMI metering system. If not currently installed, add budget for the creation of an AMI system.

2024-04-03 19:59:59,848 Process-4  root Supporting critical loads across microgrids assumes an AMI metering system. If not currently installed, add budget for the creation of an AMI system.

2024-04-03 19:59:59,849 Process-4  root Supporting critical loads across microgrids assumes an AMI metering system. If not currently installed, add budget for the creation of an AMI system.

2024-04-03 19:59:59,878 Process-4  root microgrid_report_csv() gen_sizes into CSV report: {'solar_size_total': 3636.8696, 'solar_size_existing': 0.0, 'solar_size_new': 3636.8696, 'wind_size_total': 0, 'wind_size_existing': 0.0, 'wind_size_new': 0.0, 'fossil_size_total': 925.09, 'fossil_size_existing': 81.0, 'fossil_size_new': 844.09, 'battery_cap_total': 143.35, 'battery_cap_existing': 100.0, 'battery_cap_new': 43.349999999999994, 'battery_pow_total': 108.71, 'battery_pow_existing': 20.0, 'battery_pow_new': 88.71}
2024-04-03 19:59:59,985 Process-4  root load_phases on bus_name: phases ['2'] on bus 645.2
2024-04-03 19:59:59,985 Process-4  root load_phases on bus_name: phases ['2'] on bus 646.2
2024-04-03 20:00:00,062 Process-4  root mg_phase_and_kv out_dict:
2024-04-03 20:00:00,140 Process-4  root Supporting critical loads across microgrids assumes an AMI metering system. If not currently installed, add budget for the creation of an AMI system.

2024-04-03 20:00:00,141 Process-4  root Supporting critical loads across microgrids assumes an AMI metering system. If not currently installed, add budget for the creation of an AMI system.

2024-04-03 20:00:00,172 Process-4  root microgrid_report_csv() gen_sizes into CSV report: {'solar_size_total': 1538.416, 'solar_size_existing': 0.0, 'solar_size_new': 1538.416, 'wind_size_total': 0, 'wind_size_existing': 0.0, 'wind_size_new': 0.0, 'fossil_size_total': 871.53, 'fossil_size_existing': 0.0, 'fossil_size_new': 871.53, 'battery_cap_total': 47.27, 'battery_cap_existing': 10.0, 'battery_cap_new': 37.27, 'battery_pow_total': 35.85, 'battery_pow_existing': 40.0, 'battery_pow_new': 0.0}
2024-04-03 20:00:00,460 Process-4  root QSTS with circuit_plus_mgAll.dss AND CWD IS /Users/austinchang/programming/repositories/microgridup/microgridup/data/projects/lehigh4mgs
2024-04-03 20:00:03,160 Process-4  root CONTROLLING ON {'mg0': {'critical_load_kws': [70, 90, 10], 'gen_bus': '634', 'gen_obs_existing': ['solar_634_existing', 'battery_634_existing'], 'loads': ['634a_data_center', '634b_radar', '634c_atc_tower'], 'switch': '632633'}, 'mg1': {'critical_load_kws': [150, 200, 200, 0], 'gen_bus': '675', 'gen_obs_existing': ['solar_675_existing'], 'loads': ['675a_hospital', '675b_residential1', '675c_residential1', '692_warehouse2'], 'switch': '671692'}, 'mg2': {'critical_load_kws': [400, 20, 0], 'gen_bus': '684', 'gen_obs_existing': ['fossil_684_existing', 'battery_684_existing'], 'loads': ['684_command_center', '652_residential', '611_runway'], 'switch': '671684'}, 'mg3': {'critical_load_kws': [30, 70], 'gen_bus': '646', 'gen_obs_existing': ['battery_646_existing'], 'loads': ['645_hangar', '646_office'], 'switch': '632645'}}
2024-04-03 20:00:03,166 Process-4  root reduced 634a_data_center from 160 to 70
2024-04-03 20:00:03,167 Process-4  root reduced 634b_radar from 120 to 90
2024-04-03 20:00:03,167 Process-4  root reduced 634c_atc_tower from 120 to 10
2024-04-03 20:00:03,180 Process-4  root reduced 675a_hospital from 485 to 150
2024-04-03 20:00:03,180 Process-4  root reduced 675b_residential1 from 68 to 200
2024-04-03 20:00:03,181 Process-4  root reduced 675c_residential1 from 290 to 200
2024-04-03 20:00:03,181 Process-4  root reduced 692_warehouse2 from 170 to 0
2024-04-03 20:00:03,195 Process-4  root reduced 684_command_center from 1155 to 400
2024-04-03 20:00:03,196 Process-4  root reduced 652_residential from 128 to 20
2024-04-03 20:00:03,196 Process-4  root reduced 611_runway from 170 to 0
2024-04-03 20:00:03,207 Process-4  root reduced 645_hangar from 170 to 30
2024-04-03 20:00:03,207 Process-4  root reduced 646_office from 230 to 70
2024-04-03 20:00:05,358 Process-4  root JSON compatible representation of all_mg_elements (for jinja-ing into the circuit map): {'mg0': ['634c_atc_tower', 'solar_634', 'battery_634_existing', 'solar_634_existing', 'xfm1', '633', '634b_radar', '634a_data_center', '634', 'fossil_634'], 'mg1': ['675a_hospital', 'solar_675', 'solar_675_existing', '675b_residential1', '692_warehouse2', '692', 'cap1', 'battery_675', 'fossil_675', '675', '675c_residential1'], 'mg2': ['cap2', '652', '684_command_center', 'battery_684', 'solar_684', '611', 'fossil_684_existing', '652_residential', 'fossil_684', '611_runway', '684'], 'mg3': ['646', '646_office', 'solar_646', 'fossil_646', '645', 'battery_646', '645_hangar', 'battery_646_existing']}
2024-04-03 20:00:05,430 Process-4  root Control microgrids count 4 and renewable count 0
