2024-08-02 00:58:02,810 MainProcess root Logging status updates for /home/austin/programming/repositories/microgridup/microgridup/data/projects/lehighauto_3mg.
2024-08-02 00:59:29,286 MainProcess root load_phases on bus_name: phases ['1'] on bus 634.1
2024-08-02 00:59:29,286 MainProcess root load_phases on bus_name: phases ['1'] on bus 634.1
2024-08-02 00:59:29,286 MainProcess root load_phases on bus_name: phases ['1'] on bus 634.1
2024-08-02 00:59:29,297 MainProcess root mg_phase_and_kv out_dict: {'gen_bus': '633', 'phases': ['1'], 'kv': 2.4017771198288433}
2024-08-02 00:59:29,314 MainProcess root Pre-existing battery battery_634_existing will not be utilized to support loads in microgrid mg0.

2024-08-02 00:59:29,414 MainProcess root Supporting critical loads across microgrids assumes an AMI metering system. If not currently installed, add budget for the creation of an AMI system.

2024-08-02 00:59:29,414 MainProcess root Supporting critical loads across microgrids assumes an AMI metering system. If not currently installed, add budget for the creation of an AMI system.

2024-08-02 00:59:29,414 MainProcess root Supporting critical loads across microgrids assumes an AMI metering system. If not currently installed, add budget for the creation of an AMI system.

2024-08-02 00:59:29,449 MainProcess root microgrid_report_csv() gen_sizes into CSV report: {'solar_size_total': 1663.3458, 'solar_size_existing': 440.0, 'solar_size_new': 1223.3458, 'wind_size_total': 0, 'wind_size_existing': 0.0, 'wind_size_new': 0.0, 'fossil_size_total': 110.03, 'fossil_size_existing': 0.0, 'fossil_size_new': 110.03, 'battery_cap_total': 371.49, 'battery_cap_existing': 307.0, 'battery_cap_new': 64.49000000000001, 'battery_pow_total': 179.33, 'battery_pow_existing': 79.0, 'battery_pow_new': 100.33000000000001}
2024-08-02 00:59:29,568 MainProcess root load_phases on bus_name: phases ['2'] on bus 645.2
2024-08-02 00:59:29,568 MainProcess root load_phases on bus_name: phases ['2'] on bus 646.2
2024-08-02 00:59:29,632 MainProcess root mg_phase_and_kv out_dict: {'gen_bus': '645', 'phases': ['2'], 'kv': 2.4017771198288433}
2024-08-02 00:59:29,698 MainProcess root Supporting critical loads across microgrids assumes an AMI metering system. If not currently installed, add budget for the creation of an AMI system.

2024-08-02 00:59:29,698 MainProcess root Supporting critical loads across microgrids assumes an AMI metering system. If not currently installed, add budget for the creation of an AMI system.

2024-08-02 00:59:29,733 MainProcess root microgrid_report_csv() gen_sizes into CSV report: {'solar_size_total': 639.6613, 'solar_size_existing': 0.0, 'solar_size_new': 639.6613, 'wind_size_total': 0, 'wind_size_existing': 0.0, 'wind_size_new': 0.0, 'fossil_size_total': 29.54, 'fossil_size_existing': 0.0, 'fossil_size_new': 29.54, 'battery_cap_total': 231.29, 'battery_cap_existing': 0.0, 'battery_cap_new': 231.29, 'battery_pow_total': 120.47, 'battery_pow_existing': 0.0, 'battery_pow_new': 120.47}
2024-08-02 00:59:29,850 MainProcess root load_phases on bus_name: phases ['3'] on bus 684.3
2024-08-02 00:59:29,850 MainProcess root load_phases on bus_name: phases ['1', '2', '3'] on bus 692.1.2.3
2024-08-02 00:59:29,850 MainProcess root load_phases on bus_name: phases ['1', '2', '3'] on bus 675.1.2.3
2024-08-02 00:59:29,851 MainProcess root load_phases on bus_name: phases ['1', '2', '3'] on bus 675.1.2.3
2024-08-02 00:59:29,851 MainProcess root load_phases on bus_name: phases ['1', '2', '3'] on bus 675.1.2.3
2024-08-02 00:59:29,851 MainProcess root load_phases on bus_name: phases ['3'] on bus 611.3
2024-08-02 00:59:29,851 MainProcess root load_phases on bus_name: phases ['3'] on bus 652.3
2024-08-02 00:59:29,851 MainProcess root load_phases on bus_name: phases ['1'] on bus 670.1
2024-08-02 00:59:29,851 MainProcess root load_phases on bus_name: phases ['2'] on bus 670.2
2024-08-02 00:59:29,851 MainProcess root load_phases on bus_name: phases ['3'] on bus 670.3
2024-08-02 00:59:29,852 MainProcess root More than one load voltage is specified on microgrid mg2. Check Oneline diagram to verify that phases and voltages of ('684_command_center', '692_warehouse2', '675a_hospital', '675b_residential1', '675c_residential1', '611_runway', '652_residential', '670a_residential2', '670b_residential2', '670c_residential2') are correctly supported by gen_bus 670.

2024-08-02 00:59:29,922 MainProcess root mg_phase_and_kv out_dict: {'gen_bus': '670', 'phases': ['1', '2', '3'], 'kv': 2.4017771198288433}
2024-08-02 00:59:29,948 MainProcess root Pre-existing battery battery_684_existing will not be utilized to support loads in microgrid mg2.

2024-08-02 00:59:30,017 MainProcess root Supporting critical loads across microgrids assumes an AMI metering system. If not currently installed, add budget for the creation of an AMI system.

2024-08-02 00:59:30,017 MainProcess root Supporting critical loads across microgrids assumes the ability to remotely disconnect 3-phase loads.

2024-08-02 00:59:30,017 MainProcess root Supporting critical loads across microgrids assumes the ability to remotely disconnect 3-phase loads.

2024-08-02 00:59:30,017 MainProcess root Supporting critical loads across microgrids assumes the ability to remotely disconnect 3-phase loads.

2024-08-02 00:59:30,017 MainProcess root Supporting critical loads across microgrids assumes the ability to remotely disconnect 3-phase loads.

2024-08-02 00:59:30,018 MainProcess root Supporting critical loads across microgrids assumes an AMI metering system. If not currently installed, add budget for the creation of an AMI system.

2024-08-02 00:59:30,018 MainProcess root Supporting critical loads across microgrids assumes an AMI metering system. If not currently installed, add budget for the creation of an AMI system.

2024-08-02 00:59:30,018 MainProcess root Supporting critical loads across microgrids assumes an AMI metering system. If not currently installed, add budget for the creation of an AMI system.

2024-08-02 00:59:30,018 MainProcess root Supporting critical loads across microgrids assumes an AMI metering system. If not currently installed, add budget for the creation of an AMI system.

2024-08-02 00:59:30,018 MainProcess root Supporting critical loads across microgrids assumes an AMI metering system. If not currently installed, add budget for the creation of an AMI system.

2024-08-02 00:59:30,052 MainProcess root microgrid_report_csv() gen_sizes into CSV report: {'solar_size_total': 3885.5623, 'solar_size_existing': 800.0, 'solar_size_new': 3085.5623, 'wind_size_total': 0, 'wind_size_existing': 0.0, 'wind_size_new': 0.0, 'fossil_size_total': 823.96, 'fossil_size_existing': 81.0, 'fossil_size_new': 742.96, 'battery_cap_total': 1175.84, 'battery_cap_existing': 100.0, 'battery_cap_new': 1075.84, 'battery_pow_total': 455.13, 'battery_pow_existing': 20.0, 'battery_pow_new': 435.13}
2024-08-02 00:59:30,316 MainProcess root QSTS with circuit_plus_mgAll.dss AND CWD IS /home/austin/programming/repositories/microgridup/microgridup/data/projects/lehighauto_3mg
2024-08-02 00:59:32,879 MainProcess root CONTROLLING ON {'mg0': mappingproxy({'loads': ('634a_data_center', '634b_radar', '634c_atc_tower'), 'switch': '632633', 'gen_bus': '633', 'gen_obs_existing': ('solar_634_existing', 'battery_634_existing'), 'parameter_overrides': mappingproxy({'reopt_inputs': mappingproxy({})})}), 'mg1': mappingproxy({'loads': ('645_hangar', '646_office'), 'switch': '632645', 'gen_bus': '645', 'gen_obs_existing': (), 'parameter_overrides': mappingproxy({'reopt_inputs': mappingproxy({})})}), 'mg2': mappingproxy({'loads': ('684_command_center', '692_warehouse2', '675a_hospital', '675b_residential1', '675c_residential1', '611_runway', '652_residential', '670a_residential2', '670b_residential2', '670c_residential2'), 'switch': '632670', 'gen_bus': '670', 'gen_obs_existing': ('solar_675_existing', 'fossil_684_existing', 'battery_684_existing'), 'parameter_overrides': mappingproxy({'reopt_inputs': mappingproxy({})})})}
2024-08-02 00:59:32,900 MainProcess root reduced 646_office from 230kW to 0kW.
2024-08-02 00:59:32,912 MainProcess root reduced 692_warehouse2 from 170kW to 0kW.
2024-08-02 00:59:32,912 MainProcess root reduced 675b_residential1 from 68kW to 0kW.
2024-08-02 00:59:32,913 MainProcess root reduced 675c_residential1 from 290kW to 0kW.
2024-08-02 00:59:32,913 MainProcess root reduced 652_residential from 128kW to 0kW.
2024-08-02 00:59:32,913 MainProcess root reduced 670a_residential2 from 17kW to 0kW.
2024-08-02 00:59:32,913 MainProcess root reduced 670b_residential2 from 66kW to 0kW.
2024-08-02 00:59:32,913 MainProcess root reduced 670c_residential2 from 117kW to 0kW.
2024-08-02 00:59:34,973 MainProcess root Control microgrids count 3 and renewable count 0
